<html>
<head>
<title>TestNG:  Test</title>
<link href="../testng.css" rel="stylesheet" type="text/css" />
<link href="../my-testng.css" rel="stylesheet" type="text/css" />

<style type="text/css">
.log { display: none;} 
.stack-trace { display: none;} 
</style>
<script type="text/javascript">
<!--
function flip(e) {
  current = e.style.display;
  if (current == 'block') {
    e.style.display = 'none';
    return 0;
  }
  else {
    e.style.display = 'block';
    return 1;
  }
}

function toggleBox(szDivId, elem, msg1, msg2)
{
  var res = -1;  if (document.getElementById) {
    res = flip(document.getElementById(szDivId));
  }
  else if (document.all) {
    // this is the way old msie versions work
    res = flip(document.all[szDivId]);
  }
  if(elem) {
    if(res == 0) elem.innerHTML = msg1; else elem.innerHTML = msg2;
  }

}

function toggleAllBoxes() {
  if (document.getElementsByTagName) {
    d = document.getElementsByTagName('div');
    for (i = 0; i < d.length; i++) {
      if (d[i].className == 'log') {
        flip(d[i]);
      }
    }
  }
}

// -->
</script>

</head>
<body>
<h2 align='center'>Test</h2><table border='1' align="center">
<tr>
<td>Tests passed/Failed/Skipped:</td><td>9/2/0</td>
</tr><tr>
<td>Started on:</td><td>Fri Mar 07 21:14:14 IST 2025</td>
</tr>
<tr><td>Total time:</td><td>76 seconds (76752 ms)</td>
</tr><tr>
<td>Included groups:</td><td>sanity </td>
</tr><tr>
<td>Excluded groups:</td><td></td>
</tr>
</table><p/>
<small><i>(Hover the method name to see the test class name)</i></small><p/>
<table width='100%' border='1' class='invocation-failed'>
<tr><td colspan='4' align='center'><b>FAILED TESTS</b></td></tr>
<tr><td><b>Test method</b></td>
<td><b>Attribute(s)</b></td>
<td width="30%"><b>Exception</b></td>
<td width="10%"><b>Time (seconds)</b></td>
<td><b>Instance</b></td>
</tr>
<tr>
<td title='testcases.FormManagement_L1_TestCases.clickOnRegisterLinkAndFillTheForms()'><b>clickOnRegisterLinkAndFillTheForms</b><br>Test class: testcases.FormManagement_L1_TestCases<br>Test method: Click on Register menu option to navigate to Register page. and  Fill the form with data provided in excel sheet.</td>
<td><div><pre>org.apache.poi.openxml4j.exceptions.NotOfficeXmlFileException: No valid entries or contents found, this is not a valid OOXML (Office Open XML) file
	at org.apache.poi.openxml4j.util.ZipArchiveThresholdInputStream.getNextEntry(ZipArchiveThresholdInputStream.java:156)
	at org.apache.poi.openxml4j.util.ZipInputStreamZipEntrySource.&lt;init&gt;(ZipInputStreamZipEntrySource.java:94)
	at org.apache.poi.openxml4j.opc.ZipPackage.&lt;init&gt;(ZipPackage.java:132)
	at org.apache.poi.openxml4j.opc.OPCPackage.open(OPCPackage.java:319)
	at org.apache.poi.ooxml.util.PackageHelper.open(PackageHelper.java:59)
	at org.apache.poi.xssf.usermodel.XSSFWorkbook.&lt;init&gt;(XSSFWorkbook.java:290)
	at org.apache.poi.xssf.usermodel.XSSFWorkbook.&lt;init&gt;(XSSFWorkbook.java:286)
	at coreUtilities.utils.FileOperations.readExcelPOI(FileOperations.java:44)
	at testcases.FormManagement_L1_TestCases.clickOnRegisterLinkAndFillTheForms(FormManagement_L1_TestCases.java:81)
	at java.base/java.util.concurrent.ThreadPoolExecutor.runWorker(ThreadPoolExecutor.java:1136)
	at java.base/java.util.concurrent.ThreadPoolExecutor$Worker.run(ThreadPoolExecutor.java:635)
	at java.base/java.lang.Thread.run(Thread.java:842)
Caused by: java.util.zip.ZipException: Unexpected record signature: 0X90A0D7B
	at org.apache.commons.compress.archivers.zip.ZipArchiveInputStream.getNextZipEntry(ZipArchiveInputStream.java:260)
	at org.apache.poi.openxml4j.util.ZipArchiveThresholdInputStream.getNextEntry(ZipArchiveThresholdInputStream.java:152)
	... 23 more
... Removed 12 stack frames</pre></div><a href='#' onClick='toggleBox("stack-trace1614131603", this, "Click to show all stack frames", "Click to hide stack frames")'>Click to show all stack frames</a>
<div class='stack-trace' id='stack-trace1614131603'><pre>org.apache.poi.openxml4j.exceptions.NotOfficeXmlFileException: No valid entries or contents found, this is not a valid OOXML (Office Open XML) file
	at org.apache.poi.openxml4j.util.ZipArchiveThresholdInputStream.getNextEntry(ZipArchiveThresholdInputStream.java:156)
	at org.apache.poi.openxml4j.util.ZipInputStreamZipEntrySource.&lt;init&gt;(ZipInputStreamZipEntrySource.java:94)
	at org.apache.poi.openxml4j.opc.ZipPackage.&lt;init&gt;(ZipPackage.java:132)
	at org.apache.poi.openxml4j.opc.OPCPackage.open(OPCPackage.java:319)
	at org.apache.poi.ooxml.util.PackageHelper.open(PackageHelper.java:59)
	at org.apache.poi.xssf.usermodel.XSSFWorkbook.&lt;init&gt;(XSSFWorkbook.java:290)
	at org.apache.poi.xssf.usermodel.XSSFWorkbook.&lt;init&gt;(XSSFWorkbook.java:286)
	at coreUtilities.utils.FileOperations.readExcelPOI(FileOperations.java:44)
	at testcases.FormManagement_L1_TestCases.clickOnRegisterLinkAndFillTheForms(FormManagement_L1_TestCases.java:81)
	at java.base/jdk.internal.reflect.NativeMethodAccessorImpl.invoke0(Native Method)
	at java.base/jdk.internal.reflect.NativeMethodAccessorImpl.invoke(NativeMethodAccessorImpl.java:77)
	at java.base/jdk.internal.reflect.DelegatingMethodAccessorImpl.invoke(DelegatingMethodAccessorImpl.java:43)
	at java.base/java.lang.reflect.Method.invoke(Method.java:568)
	at org.testng.internal.invokers.MethodInvocationHelper.invokeMethod(MethodInvocationHelper.java:139)
	at org.testng.internal.invokers.TestInvoker.invokeMethod(TestInvoker.java:664)
	at org.testng.internal.invokers.TestInvoker.invokeTestMethod(TestInvoker.java:227)
	at org.testng.internal.invokers.MethodRunner.runInSequence(MethodRunner.java:50)
	at org.testng.internal.invokers.TestInvoker$MethodInvocationAgent.invoke(TestInvoker.java:957)
	at org.testng.internal.invokers.TestInvoker.invokeTestMethods(TestInvoker.java:200)
	at org.testng.internal.invokers.TestMethodWorker.invokeTestMethods(TestMethodWorker.java:148)
	at org.testng.internal.invokers.TestMethodWorker.run(TestMethodWorker.java:128)
	at java.base/java.util.concurrent.ThreadPoolExecutor.runWorker(ThreadPoolExecutor.java:1136)
	at java.base/java.util.concurrent.ThreadPoolExecutor$Worker.run(ThreadPoolExecutor.java:635)
	at java.base/java.lang.Thread.run(Thread.java:842)
Caused by: java.util.zip.ZipException: Unexpected record signature: 0X90A0D7B
	at org.apache.commons.compress.archivers.zip.ZipArchiveInputStream.getNextZipEntry(ZipArchiveInputStream.java:260)
	at org.apache.poi.openxml4j.util.ZipArchiveThresholdInputStream.getNextEntry(ZipArchiveThresholdInputStream.java:152)
	... 23 more
</pre></div></td>
<td>0</td>
<td>testcases.FormManagement_L1_TestCases@552518c3</td></tr>
<tr>
<td title='testcases.FormManagement_L1_TestCases.handleAlertsPopupAndValidateTheTextInsideAnAlertsPopup()'><b>handleAlertsPopupAndValidateTheTextInsideAnAlertsPopup</b><br>Test class: testcases.FormManagement_L1_TestCases<br>Test method: Click on button to display the alert box and Validate if alert popup is shown.</td>
<td><div><pre>org.openqa.selenium.NoAlertPresentException: no such alert
  (Session info: chrome=122.0.6261.95)
Build info: version: &apos;4.10.0&apos;, revision: &apos;c14d967899&apos;
System info: os.name: &apos;Windows 10&apos;, os.arch: &apos;amd64&apos;, os.version: &apos;10.0&apos;, java.version: &apos;17.0.10&apos;
Driver info: org.openqa.selenium.chrome.ChromeDriver
Command: [200202bc8306fac815e5e577f96afd85, getAlertText {}]
Capabilities {acceptInsecureCerts: false, browserName: chrome, browserVersion: 122.0.6261.95, chrome: {chromedriverVersion: 122.0.6261.94 (880dbf29479c..., userDataDir: C:\Windows\SystemTemp\scope...}, fedcm:accounts: true, goog:chromeOptions: {debuggerAddress: localhost:50596}, networkConnectionEnabled: false, pageLoadStrategy: normal, platformName: windows, proxy: Proxy(), se:cdp: ws://localhost:50596/devtoo..., se:cdpVersion: 122.0.6261.95, setWindowRect: true, strictFileInteractability: false, timeouts: {implicit: 0, pageLoad: 300000, script: 30000}, unhandledPromptBehavior: dismiss and notify, webauthn:extension:credBlob: true, webauthn:extension:largeBlob: true, webauthn:extension:minPinLength: true, webauthn:extension:prf: true, webauthn:virtualAuthenticators: true}
Session ID: 200202bc8306fac815e5e577f96afd85
	at org.openqa.selenium.remote.codec.w3c.W3CHttpResponseCodec.createException(W3CHttpResponseCodec.java:199)
	at org.openqa.selenium.remote.codec.w3c.W3CHttpResponseCodec.decode(W3CHttpResponseCodec.java:132)
	at org.openqa.selenium.remote.codec.w3c.W3CHttpResponseCodec.decode(W3CHttpResponseCodec.java:51)
	at org.openqa.selenium.remote.HttpCommandExecutor.execute(HttpCommandExecutor.java:191)
	at org.openqa.selenium.remote.service.DriverCommandExecutor.invokeExecute(DriverCommandExecutor.java:196)
	at org.openqa.selenium.remote.service.DriverCommandExecutor.execute(DriverCommandExecutor.java:171)
	at org.openqa.selenium.remote.RemoteWebDriver.execute(RemoteWebDriver.java:531)
	at org.openqa.selenium.remote.RemoteWebDriver.execute(RemoteWebDriver.java:590)
	at org.openqa.selenium.remote.RemoteWebDriver.execute(RemoteWebDriver.java:594)
	at org.openqa.selenium.remote.RemoteWebDriver$RemoteAlert.getText(RemoteWebDriver.java:1105)
	at pages.FormManagement_L1_Pages.handleAlertsPopupAndValidateTheTextInsideAnAlertsPopup(FormManagement_L1_Pages.java:133)
	at testcases.FormManagement_L1_TestCases.handleAlertsPopupAndValidateTheTextInsideAnAlertsPopup(FormManagement_L1_TestCases.java:73)
	at java.base/java.util.concurrent.ThreadPoolExecutor.runWorker(ThreadPoolExecutor.java:1136)
	at java.base/java.util.concurrent.ThreadPoolExecutor$Worker.run(ThreadPoolExecutor.java:635)
	at java.base/java.lang.Thread.run(Thread.java:842)
... Removed 17 stack frames</pre></div><a href='#' onClick='toggleBox("stack-trace411810261", this, "Click to show all stack frames", "Click to hide stack frames")'>Click to show all stack frames</a>
<div class='stack-trace' id='stack-trace411810261'><pre>org.openqa.selenium.NoAlertPresentException: no such alert
  (Session info: chrome=122.0.6261.95)
Build info: version: &apos;4.10.0&apos;, revision: &apos;c14d967899&apos;
System info: os.name: &apos;Windows 10&apos;, os.arch: &apos;amd64&apos;, os.version: &apos;10.0&apos;, java.version: &apos;17.0.10&apos;
Driver info: org.openqa.selenium.chrome.ChromeDriver
Command: [200202bc8306fac815e5e577f96afd85, getAlertText {}]
Capabilities {acceptInsecureCerts: false, browserName: chrome, browserVersion: 122.0.6261.95, chrome: {chromedriverVersion: 122.0.6261.94 (880dbf29479c..., userDataDir: C:\Windows\SystemTemp\scope...}, fedcm:accounts: true, goog:chromeOptions: {debuggerAddress: localhost:50596}, networkConnectionEnabled: false, pageLoadStrategy: normal, platformName: windows, proxy: Proxy(), se:cdp: ws://localhost:50596/devtoo..., se:cdpVersion: 122.0.6261.95, setWindowRect: true, strictFileInteractability: false, timeouts: {implicit: 0, pageLoad: 300000, script: 30000}, unhandledPromptBehavior: dismiss and notify, webauthn:extension:credBlob: true, webauthn:extension:largeBlob: true, webauthn:extension:minPinLength: true, webauthn:extension:prf: true, webauthn:virtualAuthenticators: true}
Session ID: 200202bc8306fac815e5e577f96afd85
	at java.base/jdk.internal.reflect.NativeConstructorAccessorImpl.newInstance0(Native Method)
	at java.base/jdk.internal.reflect.NativeConstructorAccessorImpl.newInstance(NativeConstructorAccessorImpl.java:77)
	at java.base/jdk.internal.reflect.DelegatingConstructorAccessorImpl.newInstance(DelegatingConstructorAccessorImpl.java:45)
	at java.base/java.lang.reflect.Constructor.newInstanceWithCaller(Constructor.java:499)
	at java.base/java.lang.reflect.Constructor.newInstance(Constructor.java:480)
	at org.openqa.selenium.remote.codec.w3c.W3CHttpResponseCodec.createException(W3CHttpResponseCodec.java:199)
	at org.openqa.selenium.remote.codec.w3c.W3CHttpResponseCodec.decode(W3CHttpResponseCodec.java:132)
	at org.openqa.selenium.remote.codec.w3c.W3CHttpResponseCodec.decode(W3CHttpResponseCodec.java:51)
	at org.openqa.selenium.remote.HttpCommandExecutor.execute(HttpCommandExecutor.java:191)
	at org.openqa.selenium.remote.service.DriverCommandExecutor.invokeExecute(DriverCommandExecutor.java:196)
	at org.openqa.selenium.remote.service.DriverCommandExecutor.execute(DriverCommandExecutor.java:171)
	at org.openqa.selenium.remote.RemoteWebDriver.execute(RemoteWebDriver.java:531)
	at org.openqa.selenium.remote.RemoteWebDriver.execute(RemoteWebDriver.java:590)
	at org.openqa.selenium.remote.RemoteWebDriver.execute(RemoteWebDriver.java:594)
	at org.openqa.selenium.remote.RemoteWebDriver$RemoteAlert.getText(RemoteWebDriver.java:1105)
	at pages.FormManagement_L1_Pages.handleAlertsPopupAndValidateTheTextInsideAnAlertsPopup(FormManagement_L1_Pages.java:133)
	at testcases.FormManagement_L1_TestCases.handleAlertsPopupAndValidateTheTextInsideAnAlertsPopup(FormManagement_L1_TestCases.java:73)
	at java.base/jdk.internal.reflect.NativeMethodAccessorImpl.invoke0(Native Method)
	at java.base/jdk.internal.reflect.NativeMethodAccessorImpl.invoke(NativeMethodAccessorImpl.java:77)
	at java.base/jdk.internal.reflect.DelegatingMethodAccessorImpl.invoke(DelegatingMethodAccessorImpl.java:43)
	at java.base/java.lang.reflect.Method.invoke(Method.java:568)
	at org.testng.internal.invokers.MethodInvocationHelper.invokeMethod(MethodInvocationHelper.java:139)
	at org.testng.internal.invokers.TestInvoker.invokeMethod(TestInvoker.java:664)
	at org.testng.internal.invokers.TestInvoker.invokeTestMethod(TestInvoker.java:227)
	at org.testng.internal.invokers.MethodRunner.runInSequence(MethodRunner.java:50)
	at org.testng.internal.invokers.TestInvoker$MethodInvocationAgent.invoke(TestInvoker.java:957)
	at org.testng.internal.invokers.TestInvoker.invokeTestMethods(TestInvoker.java:200)
	at org.testng.internal.invokers.TestMethodWorker.invokeTestMethods(TestMethodWorker.java:148)
	at org.testng.internal.invokers.TestMethodWorker.run(TestMethodWorker.java:128)
	at java.base/java.util.concurrent.ThreadPoolExecutor.runWorker(ThreadPoolExecutor.java:1136)
	at java.base/java.util.concurrent.ThreadPoolExecutor$Worker.run(ThreadPoolExecutor.java:635)
	at java.base/java.lang.Thread.run(Thread.java:842)
</pre></div></td>
<td>5</td>
<td>testcases.FormManagement_L1_TestCases@552518c3</td></tr>
</table><p>
<table width='100%' border='1' class='invocation-passed'>
<tr><td colspan='4' align='center'><b>PASSED TESTS</b></td></tr>
<tr><td><b>Test method</b></td>
<td><b>Attribute(s)</b></td>
<td width="30%"><b>Exception</b></td>
<td width="10%"><b>Time (seconds)</b></td>
<td><b>Instance</b></td>
</tr>
<tr>
<td title='testcases.FormManagement_L1_TestCases.clickOnCountryDropDownAndSelectEachCountryOptionsOneByOne()'><b>clickOnCountryDropDownAndSelectEachCountryOptionsOneByOne</b><br>Test class: testcases.FormManagement_L1_TestCases<br>Test method: Click on the country dropdown and Select each country option one by one.</td>
<td></td>
<td>11</td>
<td>testcases.FormManagement_L1_TestCases@552518c3</td></tr>
<tr>
<td title='testcases.FormManagement_L1_TestCases.afterClickOnSeleniumCrossBrowserTestingDisplayTheText()'><b>afterClickOnSeleniumCrossBrowserTestingDisplayTheText</b><br>Test class: testcases.FormManagement_L1_TestCases<br>Test method: click on Interaction Navigation Menu bar, then click on selectable option, then click on Serialize tab, then click on Sakinalium - Cross Browser Testing option. after click on Sakinalium - Cross Browser Testing some text value will display . Fetch that text value</td>
<td></td>
<td>2</td>
<td>testcases.FormManagement_L1_TestCases@552518c3</td></tr>
<tr>
<td title='testcases.FormManagement_L1_TestCases.validateTitleOfHomePage()'><b>validateTitleOfHomePage</b><br>Test class: testcases.FormManagement_L1_TestCases<br>Test method: Navigate to the URL and Validate the Home Page</td>
<td></td>
<td>0</td>
<td>testcases.FormManagement_L1_TestCases@552518c3</td></tr>
<tr>
<td title='testcases.FormManagement_L1_TestCases.clickOnSwitchToAlertandValidateTitleOfPage()'><b>clickOnSwitchToAlertandValidateTitleOfPage</b><br>Test class: testcases.FormManagement_L1_TestCases<br>Test method: Click SwitchTo  Alert Link. and Validate if control is navigated to new page</td>
<td></td>
<td>2</td>
<td>testcases.FormManagement_L1_TestCases@552518c3</td></tr>
<tr>
<td title='testcases.FormManagement_L1_TestCases.checkAndUncheckEachCheckBoxAndValidateThatCheckBox()'><b>checkAndUncheckEachCheckBoxAndValidateThatCheckBox</b><br>Test class: testcases.FormManagement_L1_TestCases<br>Test method:  Check and uncheck each hobby checkbox and Validate that the checkboxes are responding correctly to user interaction, allowing selection and deselection.</td>
<td></td>
<td>0</td>
<td>testcases.FormManagement_L1_TestCases@552518c3</td></tr>
<tr>
<td title='testcases.FormManagement_L1_TestCases.selectMonthYearDateInDropdown()'><b>selectMonthYearDateInDropdown</b><br>Test class: testcases.FormManagement_L1_TestCases<br>Test method: Select different dates from the Date Of Birth fields</td>
<td></td>
<td>0</td>
<td>testcases.FormManagement_L1_TestCases@552518c3</td></tr>
<tr>
<td title='testcases.FormManagement_L1_TestCases.selectAustraliaInCountryDrpdownAndValidate()'><b>selectAustraliaInCountryDrpdownAndValidate</b><br>Test class: testcases.FormManagement_L1_TestCases<br>Test method: Click on the country dropdown and Validate if each country option is selectable from the dropdown.</td>
<td></td>
<td>0</td>
<td>testcases.FormManagement_L1_TestCases@552518c3</td></tr>
<tr>
<td title='testcases.FormManagement_L1_TestCases.fillTheDetailsAndClickOnTheSubmitButton()'><b>fillTheDetailsAndClickOnTheSubmitButton</b><br>Test class: testcases.FormManagement_L1_TestCases<br>Test method: click On Register And Fill FirstNameTextbox lastNameTextbox addressInputAreabox emailAddress Textbox And submitButton</td>
<td></td>
<td>6</td>
<td>testcases.FormManagement_L1_TestCases@552518c3</td></tr>
<tr>
<td title='testcases.FormManagement_L1_TestCases.selectEachRadioOptionsForGenderValidateThatOnlyOneRadioButtonShouldBeSelect()'><b>selectEachRadioOptionsForGenderValidateThatOnlyOneRadioButtonShouldBeSelect</b><br>Test class: testcases.FormManagement_L1_TestCases<br>Test method: Select each radio button option for gender and Validate that only one radio button option should be selectable at a time.</td>
<td></td>
<td>4</td>
<td>testcases.FormManagement_L1_TestCases@552518c3</td></tr>
</table><p>
</body>
</html>